<?xml version="1.0" encoding="UTF-8"?>
<testsuite name="org.projet.analyzer.TextAnalyzerTest" tests="7" skipped="0" failures="0" errors="0" timestamp="2025-01-11T23:21:11" hostname="DIKESH" time="0.013">
  <properties/>
  <testcase name="Test de l'analyse des caractères individuels" classname="org.projet.analyzer.TextAnalyzerTest" time="0.006"/>
  <testcase name="Test de getAllFrequencies" classname="org.projet.analyzer.TextAnalyzerTest" time="0.002"/>
  <testcase name="Test avec un texte vide" classname="org.projet.analyzer.TextAnalyzerTest" time="0.001"/>
  <testcase name="Test avec plusieurs analyses successives" classname="org.projet.analyzer.TextAnalyzerTest" time="0.001"/>
  <testcase name="Test de l'analyse des bigrammes" classname="org.projet.analyzer.TextAnalyzerTest" time="0.0"/>
  <testcase name="Test des valeurs invalides de N" classname="org.projet.analyzer.TextAnalyzerTest" time="0.001"/>
  <testcase name="Test de l'analyse des trigrammes" classname="org.projet.analyzer.TextAnalyzerTest" time="0.0"/>
  <system-out><![CDATA[]]></system-out>
  <system-err><![CDATA[]]></system-err>
</testsuite>
